Loading input files...

printing first order
car ['amod_street-legal', 'conj_hovercraft', 'amod_newly-designed', 'amod_liter', 'amod_late-model', 'poss_brink', 'compmod_m1918', 'adpmod:fromI_tossed', 'compmod_high-wing', 'poss_waltrip', 'adpmod:byI_escapes', 'amod_requisitioned', 'compmodI_rallying', 'nsubjI_drivers', 'compmod_rigid', 'adpmod:insideI_placing', 'compmod_hilux', 'apposI_bike', 'poss_matty', 'dobjI_onboard']
bus ['amod_east-bound', 'conj_hovercraft', 'adpmod:onI_ridership', 'compmod_airlink', 'compmod_operates', 'conj_busses', 'compmod_xpt', 'compmod_yrt', 'dobjI_onboard', 'amod_20-bit', 'compmod_citybus', 'amod_requisitioned', 'adpmod:between_belfast', 'amod_street-legal', 'compmod_n11', 'compmodI_hookups', 'amod_newly-designed', 'adpmod:like_express', 'compmod_weka', 'compmod_hs2']
hospital ['compmod_safdarjung', 'adpmod:of_nuova', 'compmod_strangeways', 'amod_maximum-security', 'compmod_armley', 'compmod_combermere', 'compmod_fresnes', 'compmod_eastview', 'compmod_desloge', 'compmod_monklands', 'compmod_nudgee', 'compmod_longmeadow', 'compmod_edgemont', 'compmod_southridge', 'compmod_archbold', 'compmod_shinagawa', 'compmod_eppley', 'compmod_nantong', 'compmod_ravenscourt', 'compmod_manresa']
hotel ['compmod_dolmabah\xc3\xa7e', 'compmod_whitwell', 'conj_guesthouses', 'compmod_ravenscourt', 'compmod_hanworth', 'compmod_siriraj', 'compmod_strangeways', 'compmod_safdarjung', 'compmod_armley', 'adpmod:onI_renovations', 'compmod_manresa', 'rcmod_renting', 'compmod_portchester', 'compmod_eastview', 'compmod_combermere', 'adpmod:nearI_parked', 'compmod_kirkdale', 'compmod_edgemont', 'compmod_blackness', 'appos_acre']
gun ['adpmod:withI_rearmed', 'compmod_m1918', 'compmodI_fellatio', 'num_60mm', 'adpmod:ofI_hilt', 'compmod_karabiner', 'compmod_t-55', 'adpmod:forI_cartridges', 'compmodI_cwt', 'compmod_varmint', 'amod_newly-designed', 'conjI_turban', 'rcmod_crushes', 'adpmod:fromI_bled', 'amod_point-and-shoot', 'compmod_mlrs', 'compmod_bvr', 'compmodI_set-ups', 'adpmod:withI_pistol', 'conjI_hellcat']
bomb ['adpmod:on_pentagon', 'compmodI_splashes', 'adpmod:byI_unharmed', 'adpmod:withI_rearmed', 'compmod_single-car', 'compmod_m1918', 'compmod_phishing', 'compmodI_fellatio', 'rcmod_bursts', 'compmod_decapitation', 'adpmod:over_berlin', 'num_60mm', 'compmod_nega', 'rcmod_crushes', 'adpmod:at_wonsan', 'conjI_hellcat', 'compmod_bvr', 'compmod_econoline', 'compmod_t-55', 'adpmod:against_fortress']
horse ['nsubjpassI_spooked', 'compmodI_drovers', 'dobjI_shoe', 'adpmod:byI_commute', 'rcmod_roams', 'poss_quixote', 'compmod_ch-53e', 'appos_pony', 'compmod_poitevin', 'adpmod:ofI_hilt', 'adpmod:byI_escapes', 'compmodI_fillet', 'compmodI_cogburn', 'compmod_beardless', 'apposI_bike', 'compmod_m1918', 'poss_quagmire', 'conjI_turban', 'adpmod:byI_foot', 'appos_canadensis']
fox ['appos_canadensis', 'compmodI_subchannels', 'conj_mattel', 'compmod_jacki', 'conjI_raimi', 'conjI_corgan', 'conjI_leda', 'conj_bluebird', 'conj_nolte', 'conjI_browder', 'conj_keeler', 'conjI_steinem', 'conjI_thurmond', 'conjI_melly', 'conjI_seaver', 'compmodI_e-type', 'apposI_msnbc', 'conjI_devitt', "conj_o'hare", 'compmod_rayford']
table ['adpmod:offI_knocks', 'adpmod:onI_seventh', 'amod_ten-foot', 'compmod_abydos', 'amod_25-metre', 'adpmod:intoI_face', 'adpmod:belowI_added', 'adpmod:throughI_throw', 'compmod_three-judge', 'adpmod:ontoI_projects', 'adpmod:aroundI_looked', 'adpmod:onI_substance', 'adpmod:onI_slides', 'amod_rooftop', 'adpmod:insideI_placing', 'adpmod:withinI_display', 'adpmod:onI_entities', 'dobjI_clogs', 'adpmod:aboveI_from', 'adpmod:onI_measurement']
bowl ['conjI_preseason', 'adpmod:against_oklahoma', 'adpmod:inI_2-1', 'conj_play-offs', 'compmod_pan-pacific', 'adpmod:forI_stadiums', 'adpmod:atI_clinched', 'adpmod:intoI_win', 'amod_25-metre', 'conjI_regionals', 'amod_sm-liiga', 'adpmod:against_brentford', 'adpmod:ofI_tackle', 'poss_postman', 'adpmod:inI_semifinal', 'adpmod:against_walsall', 'adpmod:atI_pitcher', 'compmod_doomben', 'compmod_deuces', 'compmod_sundae']
guitar ['amod_end-blown', 'conj_back-up', 'adpmod:onI_harris', 'adpmod:forI_adagio', 'adpmod:onI_thompson', 'appos_mandolin', 'dep_keyboard', 'adpmod:ofI_virtuoso', 'adpmod:onI_foster', 'amod_necked', 'conjI_flinders', 'adpmod:onI_supplemented', 'possI_pickups', 'amod_banjo', 'compmod_sandberg', 'adpmod:ofI_sweethearts', 'poss_diddley', 'depI_trumpet', 'adpmod:onI_pianist', 'dobjI_syncing']
piano ['amod_end-blown', 'conjI_bongos', 'adpmod:onI_harris', 'adpmod:ofI_virtuoso', 'adpmod:onI_thompson', 'conj_back-up', 'compmod_kreutzer', 'compmod_vomeronasal', 'adpmod:onI_supplemented', 'appos_mandolin', 'apposI_prelude', 'adpmod:onI_foster', 'compmod_akiyoshi', 'dep_keyboard', 'compmod_sandberg', 'conjI_kabuki', 'amod_necked', 'dobjI_syncing', 'depI_trumpet', 'amod_12-tone']

printing second order
car ['truck', 'suv', 'vehicle', 'minivan', 'cars', 'speedboat', 'racecar', 'automobile', 'motorcar', 'jeep', 'limousine', 'minibus', 'lorry', 'limo', 'motorcycle', 'bike', 'motorhome', 'taxicab', 'roadster', 'wagon']
bus ['minibus', 'tram', 'buses', 'jeepney', 'taxicab', 'motorcoach', 'taxi', 'trolleybus', 'lorry', 'truck', 'metrobus', 'streetcar', 'busses', 'ferryboat', 'trolley', 'tramcar', 'railcar', 'railmotor', 'intercityexpress', 'train']
hospital ['sanatorium', 'hospice', 'sanitorium', 'hospitals', 'sanitarium', 'clinic', 'infirmary', 'polyclinic', 'dispensary', 'orphanage', 'poorhouse', 'almshouse', 'workhouse', 'institutet', 'leprosarium', 'rikshospitalet', 'heliport', 'gaol', 'guesthouse', 'motherhouse']
hotel ['motel', 'hotels', 'casino', 'restaurant', 'inn', 'guesthouse', 'tavern', 'cafe', 'ritz-carlton', 'nightclub', 'travelodge', 'pizzeria', 'roadhouse', 'boardinghouse', 'caf\xc3\xa9', 'condo', 'brewpub', 'sheraton', 'steakhouse', 'brasserie']
gun ['guns', 'handgun', 'machinegun', 'howitzer', 'pistol', 'rifle', 'shotgun', 'firearm', 'cannon', 'musket', 'crossbow', 'autocannon', 'phaser', 'flamethrower', 'revolver', 'carbine', 'machine-gun', 'weapon', 'carronade', 'pounder']
bomb ['bombs', 'firebomb', 'landmine', 'car-bomb', 'grenade', 'torpedo', 'ied', 'warhead', 'bomber', 'bomblets', 'missile', 'nuke', 'detonator', 'booby-trap', 'kamikaze', 'munition', 'explosives', 'machinegun', 'a-bomb', 'firebombs']
horse ['horses', 'goat', 'dog', 'stallion', 'mule', 'bronc', 'cow', 'unicycle', 'greyhound', 'bareback', 'camel', 'appaloosa', 'saddlebred', 'colt', 'zebu', 'donkey', 'sidesaddle', 'racehorse', 'elephant', 'pony']
fox ['daystar', 'nbc', 'byutv', 'kron', 'wolf', 'cbs-tv', 'familynet', 'abc', 'wccb', 'oln', 'wjar', 'hdnet', 'telefutura', 'woodchuck', 'nbc-tv', 'soapnet', 'cinemax', 'wdiv', 'mundofox', 'coyote']
table ['tables', 'leaderboard', 'sideboard', 'chessboard', 'textbox', 'taskbar', 'gameboard', 'worksheet', 'tray', 'viewport', 'dais', 'flowchart', 'playfield', 'mantelpiece', 'stepladder', 'cladogram', 'letterbox', 'windowsill', 'bookcase', 'wikitable']
bowl ['bowls', 'superbowl', 'arenabowl', 'wcws', 'wnit', 'nlcs', 'arenacup', 'postseason', 'nit', 'xliii', 'llws', 'beanpot', 'xlv', 'tripleman\xc3\xada', 'alcs', 'nlds', 'cup', 'kvalserien', 'tourney', 'cws']
guitar ['saxophone', 'bass', 'mandolin', 'harmonica', 'accordion', 'trombone', 'violin', 'banjo', 'guitars', 'cello', 'piano', 'vibraphone', 'sax', 'trumpet', 'autoharp', 'clarinet', 'sitar', 'fiddle', 'drums', 'marimba']
piano ['violin', 'cello', 'harpsichord', 'saxophone', 'clarinet', 'guitar', 'trombone', 'mandolin', 'vibraphone', 'marimba', 'accordion', 'pianoforte', 'bassoon', 'fortepiano', 'violoncello', 'trumpet', 'harmonica', 'clavinet', 'clavichord', 'euphonium']
