The selected mode is tree you will find the output in tree_out
Processing input file
Done in 95.15 secs 
Converting frequencies to PMIs, calculating cosine distances
Cosine distance, length of every vectors
Cosine distance, dot product
Cosine distance: similarity...
first order similarity:
('car', ['adpmod to design adpobj up', 'trend poss down', 'adpmod in engine adpobj up', 'adpmod of driver adpobj up', 'plymouth poss down', 'wreck dobj up', 'price amod down', 'locomotive conj down', 'race nsubjpass up', 'dome amod down', 'ford poss down', 'adpmod per driver adpobj up', 'adpmod of plate adpobj up', 'chase amod down', 'exit nsubj up', 'parking compmod up', 'adpmod by minute adpobj up', 'wash compmod up', 'hire compmod down', 'adpmod with race adpobj up'])
('bus', ['taxi conj up', 'route nsubj up', 'tram conj up', 'depot poss up', 'tram conj down', 'subway conj up', 'adpmod from competition adpobj up', 'rout nsubj up', 'terminus compmod up', 'taxi conj down', 'automobile conj up', 'stop compmod up', 'serial compmod down', 'interchange compmod up', 'bus conj up', 'adpmod by provide compmod up', 'adpmod by accessible adpobj up', 'paint nsubjpass up', 'rail conj down', 'bus conj down'])
('hospital', ['bed amod down', 'sailor poss down', 'adpmod at physician adpobj up', 'vincent poss down', 'adpmod a facility adpobj up', 'hospital dep up', 'priory conj up', 'undergo rcmod down', 'breach compmod down', 'adpmod at pronounce adpobj up', 'recover partmod down', 'guy poss down', 'adpmod at nurse adpobj up', 'adpmod at doctor adpobj up', 'adpmod to rush adpobj up', 'accommodate nsubj up', 'adpmod with bed adpobj down', 'teaching amod down', 'adpmod at resident adpobj up', 'anthony poss down'])
('hotel', ['cottage conj down', 'inn appos up', 'inn conj down', 'adjacent appos down', 'adpmod a purchase adpobj up', 'casino conj up', 'existence compmod up', 'adpmod at restaurant adpobj up', 'hotel appos down', 'casino conj down', 'adpmod of lobby adpobj up', 'hotel appos up', 'lobby compmod up', 'adpmod into check adpobj up', 'adpmod of restaurant adpobj up', 'adpmod at dinner adpobj up', 'rename rcmod down', 'bar poss up', 'plaza compmod down', 'resort conj down'])
('gun', ['adpmod with fire adpobj up', 'rifle amod down', 'adpmod from shot adpobj up', 'velocity poss up', 'prisoner conj up', 'rifle appos down', 'cm amod down', 'barrel dobj up', 'jam nsubj up', 'knife conj down', 'adpmod with merit adpobj up', 'adpmod with damage adpobj up', 'aim dobj up', 'barrel compmod up', 'machine compmod down', 'armament compmod up', 'store rcmod down', 'bullet conj down', 'ready nsubj up', 'adpmod in be advmod up'])
('bomb', ['adpmod by luftwaffe adpobj down', 'explode compmod up', 'pipe amod down', 'torpedo conj down', 'suicide partmod up', 'explode rcmod down', 'explosive conj up', 'explode partmod down', 'explode nsubj up', 'adpmod by destroy adpcomp up', 'luftwaffe nsubj down', 'adpmod of explosion adpobj up', 'explosive conj down', 'adpmod by ally adpobj down', 'explode dobj up', 'plant partmod down', 'blast compmod up', 'explosion compmod up', 'hide partmod down', 'adpmod against germany adpobj down'])
('horse', ['fool conj up', 'adpmod from fell adpobj up', 'shoe dobj up', 'hobby compmod down', 'jockey conj down', 'bull conj up', 'bay amod down', 'cart conj down', 'adpmod for line adpobj up', 'crazy compmod down', 'thoroughbred amod down', 'rid partmod down', 'adpmod a breed adpobj up', 'ride dobj up', 'wagon conj down', 'breeding compmod up', 'adpmod by earn adpobj up', 'rid dobj up', 'adpmod by pull adpobj up', 'rider conj down'])
('fox', ['hare conj up', 'beaver conj up', 'adpmod on morning adpobj up', 'adpmod of subspecies adpobj up', 'adpmod on televise adpobj up', 'gardner compmod down', 'abc conj up', 'hunting compmod up', 'ohio compmod up', 'kit compmod down', 'cat conj down', 'affiliation compmod up', 'twentieth compmod down', 'gray amod down', 'net compmod up', 'mask compmod up', 'kid compmod up', 'sport compmod up', 'affiliate compmod up', 'news compmod up'])
('table', ['adpmod at eat adpobj up', 'contain appos up', 'adpmod below show adpobj down', 'adpmod below list adpobj down', 'periodic compmod down', 'following compmod down', 'align dobj up', 'adpmod in row adpobj up', 'tennis compmod up', 'table conj up', 'picnic amod down', 'adpmod of column adpobj up', 'format amod down', 'column compmod down', 'below compmod up', 'picnic compmod down', 'salt compmod up', 'adpmod in column adpobj up', 'aggregate compmod down', 'periodic amod down'])
('bowl', ['over dobj down', 'over rcmod up', 'fast dobj down', 'concede partmod down', 'hand nsubjpass up', 'batsman rcmod up', 'alley amod up', 'adpmod of coverage compmod up', 'adpmod in giant compmod up', 'alley dobj down', 'insight compmod down', 'adpmod in victory compmod up', 'bowl conj down', 'bowl conj up', 'adpmod without take adpcomp down', 'adpmod to select adpobj up', 'bermuda compmod down', 'ball rcmod up', 'adpmod in rush adpobj up', 'pace dobj down'])
('guitar', ['vocal appos down', 'adpmod on line-up adpobj up', 'adpmod on lineup adpobj up', 'flourish compmod up', 'backing conj down', 'bass dep down', 'intro compmod up', 'adpmod from black compmod down', 'vocal appos up', 'adpmod on ; adpobj up', 'keyboard conj down', 'saxophone conj up', 'adpmod of basic adpobj up', 'vocal conj up', 'vocal conj down', 'tune dobj up', 'bass conj down', 'rag compmod up', 'bass appos down', 'rhythm compmod down'])
('piano', ['adpmod for piece conj up', 'bass appos up', 'viola conj up', 'op conj down', 'organ conj up', 'cello conj up', 'flute conj down', 'adpmod for trio adpobj up', 'saxophone conj up', 'adpmod for concerto adpobj up', 'voice conj up', 'adpmod for composition adpobj up', 'concerto compmod up', 'violin conj up', 'sonata compmod up', 'ph compmod down', 'horn conj up', 'violin conj down', 'string conj down', 'trumpet conj up'])
second order similarity:
('car', ['vehicle', 'truck', 'boat', 'engine', 'aircraft', 'automobile', 'train', 'locomotive', 'bus', 'ship', 'model', 'product', 'driver', 'motorcycle', 'machine', 'unit', 'weapon', 'track', 'item', 'vessel'])
('bus', ['rail', 'tram', 'train', 'taxi', 'ferry', 'automobile', 'car', 'vehicle', 'subway', 'transit', 'freight', 'truck', 'railway', 'locomotive', 'boat', 'traffic', 'passenger', 'commuter', 'bike', 'plane'])
('hospital', ['clinic', 'center', 'prison', 'college', 'museum', 'school', 'library', 'facility', 'campus', 'hotel', 'airport', 'stadium', 'hall', 'centre', 'institution', 'monastery', 'park', 'theatre', 'office', 'camp'])
('hotel', ['restaurant', 'shop', 'apartment', 'theater', 'house', 'building', 'mill', 'estate', 'inn', 'pub', 'resort', 'store', 'synagogue', 'hall', 'castle', 'library', 'mosque', 'temple', 'tower', 'theatre'])
('gun', ['cannon', 'pistol', 'weapon', 'rifle', 'tank', 'battery', 'aircraft', 'sword', 'artillery', 'engine', 'camera', 'bullet', 'device', 'machine', 'vessel', 'equipment', 'ship', 'boat', 'rocket', 'shot'])
('bomb', ['torpedo', 'bombing', 'missile', 'rocket', 'weapon', 'explosion', 'reactor', 'bomber', 'earthquake', 'shell', 'raid', 'attack', 'grenade', 'eruption', 'fire', 'aircraft', 'ball', 'strike', 'storm', 'bombardment'])
('horse', ['dog', 'cattle', 'cat', 'sheep', 'bike', 'bull', 'motorcycle', 'bird', 'bicycle', 'elf', 'car', 'boy', 'animal', 'specimen', 'motor', 'athlete', 'men', 'monster', 'boat', 'bulb'])
('fox', ['cbs', 'cbc', 'nbc', 'abc', 'shaw', 'anderson', 'baker', 'patterson', 'itv', 'parker', 'hudson', 'hart', 'pb', 'kennedy', 'johnson', 'smith', 'carter', 'bbc', 'espn', 'mcdonald'])
('table', ['section', 'paragraph', 'text', 'diffs', 'encyclopedia', 'entry', 'diagram', 'page', 'summary', 'column', 'template', 'ranking', 'image', 'category', 'map', 'module', 'box', 'picture', 'diff', 'poll'])
('bowl', ['super', 'sec', 'ncaa', 'tournament', 'nba', 'cup', 'mlb', 'boxing', 'alfonso', 'nhl', 'wrestling', 'rugby', 'polo', 'playoff', 'afl', 'gt', 'leo', 'championship', 'tennis', 'league'])
('guitar', ['drum', 'bass', 'keyboard', 'piano', 'vocal', 'violin', 'saxophone', 'cello', 'flute', 'trumpet', 'instrument', 'horn', 'viola', 'percussion', 'solo', 'organ', 'dance', 'string', 'cd', 'music'])
('piano', ['violin', 'viola', 'guitar', 'bass', 'cello', 'flute', 'keyboard', 'horn', 'saxophone', 'trumpet', 'drum', 'instrument', 'percussion', 'organ', 'dance', 'vocal', 'composition', 'music', 'choir', 'mathematics'])
Fennito!!!!!
